<?xml version="1.0" encoding="UTF-8"?>
<!-- Generated by org.testng.reporters.JUnitReportReporter -->
<testsuite hostname="LAPTOP-9FQQ2M9B" failures="0" tests="1" name="Basics.POJOJSONArrayPojoClassDemo" time="3.011" errors="0" timestamp="2025-09-13T10:51:25 IST" skipped="0">
  <testcase classname="Basics.POJOJSONArrayPojoClassDemo" name="createEmployeesJSONArray" time="3.011"/>
</testsuite> <!-- Basics.POJOJSONArrayPojoClassDemo -->
