<?xml version="1.0" encoding="UTF-8"?>
<!-- Generated by org.testng.reporters.JUnitReportReporter -->
<testsuite hostname="LAPTOP-9FQQ2M9B" failures="0" tests="1" name="Basics.POJONestedJsonPayload" time="3.366" errors="0" timestamp="2025-09-13T12:34:36 IST" skipped="0">
  <testcase classname="Basics.POJONestedJsonPayload" name="createUser" time="3.366"/>
</testsuite> <!-- Basics.POJONestedJsonPayload -->
