<?xml version="1.0" encoding="UTF-8"?>
<!-- Generated by org.testng.reporters.JUnitReportReporter -->
<testsuite hostname="LAPTOP-9FQQ2M9B" failures="0" tests="1" name="Basics.ValidateResponseHeader" time="1.271" errors="0" timestamp="2025-09-12T11:41:02 IST" skipped="0">
  <testcase classname="Basics.ValidateResponseHeader" name="GetSingleUser" time="1.271"/>
</testsuite> <!-- Basics.ValidateResponseHeader -->
