<?xml version="1.0" encoding="UTF-8"?>
<!-- Generated by org.testng.reporters.JUnitReportReporter -->
<testsuite hostname="LAPTOP-9FQQ2M9B" failures="0" tests="1" name="Basics.QueryRequestSpecification" time="0.442" errors="0" timestamp="2025-09-12T18:26:42 IST" skipped="0">
  <testcase classname="Basics.QueryRequestSpecification" name="createUser" time="0.442"/>
</testsuite> <!-- Basics.QueryRequestSpecification -->
