<?xml version="1.0" encoding="UTF-8"?>
<!-- Generated by org.testng.reporters.JUnitReportReporter -->
<testsuite hostname="LAPTOP-9FQQ2M9B" failures="0" tests="2" name="Basics.Authorization" time="2.924" errors="0" timestamp="2025-09-12T12:53:32 IST" skipped="0">
  <testcase classname="Basics.Authorization" name="DigestAuth" time="1.090"/>
  <testcase classname="Basics.Authorization" name="BasicAuth" time="1.834"/>
</testsuite> <!-- Basics.Authorization -->
