<?xml version="1.0" encoding="UTF-8"?>
<!-- Generated by org.testng.reporters.JUnitReportReporter -->
<testsuite hostname="LAPTOP-9FQQ2M9B" failures="0" tests="1" name="Basics.POJOSerializationAndDeserialization" time="3.382" errors="0" timestamp="2025-09-12T20:28:00 IST" skipped="0">
  <testcase classname="Basics.POJOSerializationAndDeserialization" name="CreateJSONObjectFromEmployeeClassObject" time="3.382"/>
</testsuite> <!-- Basics.POJOSerializationAndDeserialization -->
