<?xml version="1.0" encoding="UTF-8"?>
<!-- Generated by org.testng.reporters.JUnitReportReporter -->
<testsuite hostname="LAPTOP-9FQQ2M9B" failures="0" tests="3" name="Basics.CheckForValidResponse" time="1.474" errors="0" timestamp="2025-09-12T11:23:45 IST" skipped="0">
  <testcase classname="Basics.CheckForValidResponse" name="GetSingleUserUsingValidatableResponse" time="0.086"/>
  <testcase classname="Basics.CheckForValidResponse" name="GetSingleUser" time="1.333"/>
  <testcase classname="Basics.CheckForValidResponse" name="GetSingleUser_BDDStyle" time="0.055"/>
</testsuite> <!-- Basics.CheckForValidResponse -->
