<?xml version="1.0" encoding="UTF-8"?>
<!-- Generated by org.testng.reporters.JUnitReportReporter -->
<testsuite hostname="LAPTOP-9FQQ2M9B" failures="0" tests="2" name="Basics.AuthorizationDemoOauth" time="4.753" errors="0" timestamp="2025-09-12T15:57:57 IST" skipped="0">
  <testcase classname="Basics.AuthorizationDemoOauth" name="ListInvoice" time="1.330"/>
  <testcase classname="Basics.AuthorizationDemoOauth" name="GetAccessToken" time="3.423"/>
</testsuite> <!-- Basics.AuthorizationDemoOauth -->
