<?xml version="1.0" encoding="UTF-8"?>
<!-- Generated by org.testng.reporters.JUnitReportReporter -->
<testsuite hostname="LAPTOP-9FQQ2M9B" failures="0" tests="1" name="Basics.AuthorizationDemo" time="1.488" errors="0" timestamp="2025-09-12T13:16:24 IST" skipped="0">
  <testcase classname="Basics.AuthorizationDemo" name="BearerToken" time="1.488"/>
</testsuite> <!-- Basics.AuthorizationDemo -->
