<?xml version="1.0" encoding="UTF-8"?>
<!-- Generated by org.testng.reporters.JUnitReportReporter -->
<testsuite hostname="LAPTOP-9FQQ2M9B" failures="0" tests="1" name="Basics.ValidateJsonResponseBody" time="1.796" errors="0" timestamp="2025-09-12T12:03:03 IST" skipped="0">
  <testcase classname="Basics.ValidateJsonResponseBody" name="UserListResponseBody" time="1.796"/>
</testsuite> <!-- Basics.ValidateJsonResponseBody -->
