<?xml version="1.0" encoding="UTF-8"?>
<!-- Generated by org.testng.reporters.JUnitReportReporter -->
<testsuite hostname="LAPTOP-9FQQ2M9B" failures="0" tests="1" name="Basics.AuthorizationDemoApiKey" time="1.307" errors="0" timestamp="2025-09-12T13:45:06 IST" skipped="0">
  <testcase classname="Basics.AuthorizationDemoApiKey" name="GetWeatherDataByCity" time="1.307"/>
</testsuite> <!-- Basics.AuthorizationDemoApiKey -->
