<?xml version="1.0" encoding="UTF-8"?>
<!-- Generated by org.testng.reporters.JUnitReportReporter -->
<testsuite hostname="LAPTOP-9FQQ2M9B" failures="0" tests="2" name="Basics.DemoResponseSpec" time="6.562" errors="0" timestamp="2025-09-13T18:06:21 IST" skipped="0">
  <testcase classname="Basics.DemoResponseSpec" name="getAllBookingIds" time="4.060"/>
  <testcase classname="Basics.DemoResponseSpec" name="getBookingByFirstName" time="2.502"/>
</testsuite> <!-- Basics.DemoResponseSpec -->
